# JRE version: OpenJDK Runtime Environment (11.0.5+10) (build 11.0.5+10-b520.38)
# Java VM: OpenJDK 64-Bit Server VM (11.0.5+10-b520.38, mixed mode, sharing, tiered, compressed oops, g1 gc, windows-amd64)
Heap:
 garbage-first heap   total 192512K, used 21479K [0x0000000081e00000, 0x0000000100000000)
  region size 1024K, 8 young (8192K), 8 survivors (8192K)
 Metaspace       used 30916K, capacity 32061K, committed 32304K, reserved 1081344K
  class space    used 4239K, capacity 4698K, committed 4736K, reserved 1048576K
GC Heap History (13 events):
Event: 1.049 GC heap before
{Heap before GC invocations=0 (full 0):
 garbage-first heap   total 131072K, used 24576K [0x0000000081e00000, 0x0000000100000000)
  region size 1024K, 24 young (24576K), 0 survivors (0K)
 Metaspace       used 7398K, capacity 7850K, committed 8064K, reserved 1056768K
  class space    used 913K, capacity 1099K, committed 1152K, reserved 1048576K
}
Event: 1.064 GC heap after
{Heap after GC invocations=1 (full 0):
 garbage-first heap   total 131072K, used 8248K [0x0000000081e00000, 0x0000000100000000)
  region size 1024K, 3 young (3072K), 3 survivors (3072K)
 Metaspace       used 7398K, capacity 7850K, committed 8064K, reserved 1056768K
  class space    used 913K, capacity 1099K, committed 1152K, reserved 1048576K
}
Event: 1.366 GC heap before
{Heap before GC invocations=1 (full 0):
 garbage-first heap   total 131072K, used 19512K [0x0000000081e00000, 0x0000000100000000)
  region size 1024K, 14 young (14336K), 3 survivors (3072K)
 Metaspace       used 9504K, capacity 9998K, committed 10112K, reserved 1058816K
  class space    used 1213K, capacity 1394K, committed 1408K, reserved 1048576K
}
Event: 1.369 GC heap after
{Heap after GC invocations=2 (full 0):
 garbage-first heap   total 131072K, used 9273K [0x0000000081e00000, 0x0000000100000000)
  region size 1024K, 1 young (1024K), 1 survivors (1024K)
 Metaspace       used 9504K, capacity 9998K, committed 10112K, reserved 1058816K
  class space    used 1213K, capacity 1394K, committed 1408K, reserved 1048576K
}
Event: 1.875 GC heap before
{Heap before GC invocations=2 (full 0):
 garbage-first heap   total 131072K, used 52281K [0x0000000081e00000, 0x0000000100000000)
  region size 1024K, 44 young (45056K), 1 survivors (1024K)
 Metaspace       used 13038K, capacity 13728K, committed 13824K, reserved 1060864K
  class space    used 1703K, capacity 1990K, committed 2048K, reserved 1048576K
}
Event: 1.878 GC heap after
{Heap after GC invocations=3 (full 0):
 garbage-first heap   total 131072K, used 11771K [0x0000000081e00000, 0x0000000100000000)
  region size 1024K, 4 young (4096K), 4 survivors (4096K)
 Metaspace       used 13038K, capacity 13728K, committed 13824K, reserved 1060864K
  class space    used 1703K, capacity 1990K, committed 2048K, reserved 1048576K
}
Event: 2.247 GC heap before
{Heap before GC invocations=3 (full 0):
 garbage-first heap   total 131072K, used 63995K [0x0000000081e00000, 0x0000000100000000)
  region size 1024K, 56 young (57344K), 4 survivors (4096K)
 Metaspace       used 14924K, capacity 15660K, committed 15872K, reserved 1062912K
  class space    used 1963K, capacity 2269K, committed 2304K, reserved 1048576K
}
Event: 2.281 GC heap after
{Heap after GC invocations=4 (full 0):
 garbage-first heap   total 131072K, used 12723K [0x0000000081e00000, 0x0000000100000000)
  region size 1024K, 5 young (5120K), 5 survivors (5120K)
 Metaspace       used 14924K, capacity 15660K, committed 15872K, reserved 1062912K
  class space    used 1963K, capacity 2269K, committed 2304K, reserved 1048576K
}
Event: 3.084 GC heap before
{Heap before GC invocations=4 (full 0):
 garbage-first heap   total 131072K, used 75187K [0x0000000081e00000, 0x0000000100000000)
  region size 1024K, 67 young (68608K), 5 survivors (5120K)
 Metaspace       used 19743K, capacity 20780K, committed 21120K, reserved 1067008K
  class space    used 2652K, capacity 3080K, committed 3200K, reserved 1048576K
}
Event: 3.091 GC heap after
{Heap after GC invocations=5 (full 0):
 garbage-first heap   total 131072K, used 15295K [0x0000000081e00000, 0x0000000100000000)
  region size 1024K, 7 young (7168K), 7 survivors (7168K)
 Metaspace       used 19743K, capacity 20780K, committed 21120K, reserved 1067008K
  class space    used 2652K, capacity 3080K, committed 3200K, reserved 1048576K
}
Event: 3.248 GC heap before
{Heap before GC invocations=5 (full 0):
 garbage-first heap   total 131072K, used 16319K [0x0000000081e00000, 0x0000000100000000)
  region size 1024K, 9 young (9216K), 7 survivors (7168K)
 Metaspace       used 20101K, capacity 21132K, committed 21296K, reserved 1067008K
  class space    used 2676K, capacity 3112K, committed 3200K, reserved 1048576K
}
Event: 3.281 GC heap after
{Heap after GC invocations=6 (full 0):
 garbage-first heap   total 131072K, used 15470K [0x0000000081e00000, 0x0000000100000000)
  region size 1024K, 4 young (4096K), 4 survivors (4096K)
 Metaspace       used 20101K, capacity 21132K, committed 21296K, reserved 1067008K
  class space    used 2676K, capacity 3112K, committed 3200K, reserved 1048576K
}
Event: 6.952 GC heap before
{Heap before GC invocations=7 (full 0):
 garbage-first heap   total 131072K, used 75886K [0x0000000081e00000, 0x0000000100000000)
  region size 1024K, 64 young (65536K), 4 survivors (4096K)
 Metaspace       used 30916K, capacity 32061K, committed 32304K, reserved 1081344K
  class space    used 4239K, capacity 4698K, committed 4736K, reserved 1048576K
}

